Determining if files sys/types.h;errno.h;inttypes.h;limits.h;regex.h;signal.h;stdarg.h;stdint.h;stdlib.h;string.h;strings.h;sys/time.h;time.h;unistd.h;pthread.h;windows.h exist failed with the following output:
Change Dir: /home/jbrousse/Downloads/check-0.15.2/build/CMakeFiles/CMakeTmp

Run Build Command(s):/usr/bin/gmake -f Makefile cmTC_cea03/fast && /usr/bin/gmake  -f CMakeFiles/cmTC_cea03.dir/build.make CMakeFiles/cmTC_cea03.dir/build
gmake[1]: Entering directory '/home/jbrousse/Downloads/check-0.15.2/build/CMakeFiles/CMakeTmp'
Building C object CMakeFiles/cmTC_cea03.dir/HAVE_WINDOWS_H.c.o
/usr/bin/cc   -std=gnu99 -MD -MT CMakeFiles/cmTC_cea03.dir/HAVE_WINDOWS_H.c.o -MF CMakeFiles/cmTC_cea03.dir/HAVE_WINDOWS_H.c.o.d -o CMakeFiles/cmTC_cea03.dir/HAVE_WINDOWS_H.c.o -c /home/jbrousse/Downloads/check-0.15.2/build/CMakeFiles/CheckIncludeFiles/HAVE_WINDOWS_H.c
/home/jbrousse/Downloads/check-0.15.2/build/CMakeFiles/CheckIncludeFiles/HAVE_WINDOWS_H.c:17:10: fatal error: 'windows.h' file not found
#include <windows.h>
         ^~~~~~~~~~~
1 error generated.
gmake[1]: *** [CMakeFiles/cmTC_cea03.dir/build.make:79: CMakeFiles/cmTC_cea03.dir/HAVE_WINDOWS_H.c.o] Error 1
gmake[1]: Leaving directory '/home/jbrousse/Downloads/check-0.15.2/build/CMakeFiles/CMakeTmp'
gmake: *** [Makefile:127: cmTC_cea03/fast] Error 2


Source:
/* */
#include <sys/types.h>
#include <errno.h>
#include <inttypes.h>
#include <limits.h>
#include <regex.h>
#include <signal.h>
#include <stdarg.h>
#include <stdint.h>
#include <stdlib.h>
#include <string.h>
#include <strings.h>
#include <sys/time.h>
#include <time.h>
#include <unistd.h>
#include <pthread.h>
#include <windows.h>


int main(void){return 0;}

Determining if the function _getpid exists failed with the following output:
Change Dir: /home/jbrousse/Downloads/check-0.15.2/build/CMakeFiles/CMakeTmp

Run Build Command(s):/usr/bin/gmake -f Makefile cmTC_b52d0/fast && /usr/bin/gmake  -f CMakeFiles/cmTC_b52d0.dir/build.make CMakeFiles/cmTC_b52d0.dir/build
gmake[1]: Entering directory '/home/jbrousse/Downloads/check-0.15.2/build/CMakeFiles/CMakeTmp'
Building C object CMakeFiles/cmTC_b52d0.dir/CheckFunctionExists.c.o
/usr/bin/cc   -DCHECK_FUNCTION_EXISTS=_getpid -std=gnu99 -MD -MT CMakeFiles/cmTC_b52d0.dir/CheckFunctionExists.c.o -MF CMakeFiles/cmTC_b52d0.dir/CheckFunctionExists.c.o.d -o CMakeFiles/cmTC_b52d0.dir/CheckFunctionExists.c.o -c /usr/share/cmake-3.22/Modules/CheckFunctionExists.c
Linking C executable cmTC_b52d0
/usr/bin/cmake -E cmake_link_script CMakeFiles/cmTC_b52d0.dir/link.txt --verbose=1
/usr/bin/cc  -DCHECK_FUNCTION_EXISTS=_getpid CMakeFiles/cmTC_b52d0.dir/CheckFunctionExists.c.o -o cmTC_b52d0 
/usr/bin/ld: CMakeFiles/cmTC_b52d0.dir/CheckFunctionExists.c.o: in function `main':
CheckFunctionExists.c:(.text+0x17): undefined reference to `_getpid'
clang: error: linker command failed with exit code 1 (use -v to see invocation)
gmake[1]: *** [CMakeFiles/cmTC_b52d0.dir/build.make:100: cmTC_b52d0] Error 1
gmake[1]: Leaving directory '/home/jbrousse/Downloads/check-0.15.2/build/CMakeFiles/CMakeTmp'
gmake: *** [Makefile:127: cmTC_b52d0/fast] Error 2



Determining if the function _strdup exists failed with the following output:
Change Dir: /home/jbrousse/Downloads/check-0.15.2/build/CMakeFiles/CMakeTmp

Run Build Command(s):/usr/bin/gmake -f Makefile cmTC_d7eea/fast && /usr/bin/gmake  -f CMakeFiles/cmTC_d7eea.dir/build.make CMakeFiles/cmTC_d7eea.dir/build
gmake[1]: Entering directory '/home/jbrousse/Downloads/check-0.15.2/build/CMakeFiles/CMakeTmp'
Building C object CMakeFiles/cmTC_d7eea.dir/CheckFunctionExists.c.o
/usr/bin/cc   -DCHECK_FUNCTION_EXISTS=_strdup -std=gnu99 -MD -MT CMakeFiles/cmTC_d7eea.dir/CheckFunctionExists.c.o -MF CMakeFiles/cmTC_d7eea.dir/CheckFunctionExists.c.o.d -o CMakeFiles/cmTC_d7eea.dir/CheckFunctionExists.c.o -c /usr/share/cmake-3.22/Modules/CheckFunctionExists.c
Linking C executable cmTC_d7eea
/usr/bin/cmake -E cmake_link_script CMakeFiles/cmTC_d7eea.dir/link.txt --verbose=1
/usr/bin/cc  -DCHECK_FUNCTION_EXISTS=_strdup CMakeFiles/cmTC_d7eea.dir/CheckFunctionExists.c.o -o cmTC_d7eea 
/usr/bin/ld: CMakeFiles/cmTC_d7eea.dir/CheckFunctionExists.c.o: in function `main':
CheckFunctionExists.c:(.text+0x17): undefined reference to `_strdup'
clang: error: linker command failed with exit code 1 (use -v to see invocation)
gmake[1]: *** [CMakeFiles/cmTC_d7eea.dir/build.make:100: cmTC_d7eea] Error 1
gmake[1]: Leaving directory '/home/jbrousse/Downloads/check-0.15.2/build/CMakeFiles/CMakeTmp'
gmake: *** [Makefile:127: cmTC_d7eea/fast] Error 2



Performing C SOURCE FILE Test HAVE_STRUCT_ITIMERSPEC_IT_VALUE failed with the following output:
Change Dir: /home/jbrousse/Downloads/check-0.15.2/build/CMakeFiles/CMakeTmp

Run Build Command(s):/usr/bin/gmake -f Makefile cmTC_0cf8a/fast && /usr/bin/gmake  -f CMakeFiles/cmTC_0cf8a.dir/build.make CMakeFiles/cmTC_0cf8a.dir/build
gmake[1]: Entering directory '/home/jbrousse/Downloads/check-0.15.2/build/CMakeFiles/CMakeTmp'
Building C object CMakeFiles/cmTC_0cf8a.dir/src.c.o
/usr/bin/cc -DHAVE_STRUCT_ITIMERSPEC_IT_VALUE  -std=gnu99 -MD -MT CMakeFiles/cmTC_0cf8a.dir/src.c.o -MF CMakeFiles/cmTC_0cf8a.dir/src.c.o.d -o CMakeFiles/cmTC_0cf8a.dir/src.c.o -c /home/jbrousse/Downloads/check-0.15.2/build/CMakeFiles/CMakeTmp/src.c
/home/jbrousse/Downloads/check-0.15.2/build/CMakeFiles/CMakeTmp/src.c:6:29: error: variable has incomplete type 'struct itimerspec'
   static struct itimerspec tmp;
                            ^
/home/jbrousse/Downloads/check-0.15.2/build/CMakeFiles/CMakeTmp/src.c:6:18: note: forward declaration of 'struct itimerspec'
   static struct itimerspec tmp;
                 ^
1 error generated.
gmake[1]: *** [CMakeFiles/cmTC_0cf8a.dir/build.make:79: CMakeFiles/cmTC_0cf8a.dir/src.c.o] Error 1
gmake[1]: Leaving directory '/home/jbrousse/Downloads/check-0.15.2/build/CMakeFiles/CMakeTmp'
gmake: *** [Makefile:127: cmTC_0cf8a/fast] Error 2


Source file was:

#include <sys/time.h>

int main()
{
   static struct itimerspec tmp;
   if (sizeof(tmp.it_value))
      return 0;
  return 0;
}

Determining size of __int64 failed with the following output:
Change Dir: /home/jbrousse/Downloads/check-0.15.2/build/CMakeFiles/CMakeTmp

Run Build Command(s):/usr/bin/gmake -f Makefile cmTC_2fa25/fast && /usr/bin/gmake  -f CMakeFiles/cmTC_2fa25.dir/build.make CMakeFiles/cmTC_2fa25.dir/build
gmake[1]: Entering directory '/home/jbrousse/Downloads/check-0.15.2/build/CMakeFiles/CMakeTmp'
Building C object CMakeFiles/cmTC_2fa25.dir/__INT64.c.o
/usr/bin/cc   -std=gnu99 -MD -MT CMakeFiles/cmTC_2fa25.dir/__INT64.c.o -MF CMakeFiles/cmTC_2fa25.dir/__INT64.c.o.d -o CMakeFiles/cmTC_2fa25.dir/__INT64.c.o -c /home/jbrousse/Downloads/check-0.15.2/build/CMakeFiles/CheckTypeSize/__INT64.c
/home/jbrousse/Downloads/check-0.15.2/build/CMakeFiles/CheckTypeSize/__INT64.c:29:12: error: use of undeclared identifier '__int64'
  ('0' + ((SIZE / 10000)%10)),
           ^
/home/jbrousse/Downloads/check-0.15.2/build/CMakeFiles/CheckTypeSize/__INT64.c:27:22: note: expanded from macro 'SIZE'
#define SIZE (sizeof(__int64))
                     ^
/home/jbrousse/Downloads/check-0.15.2/build/CMakeFiles/CheckTypeSize/__INT64.c:30:12: error: use of undeclared identifier '__int64'
  ('0' + ((SIZE / 1000)%10)),
           ^
/home/jbrousse/Downloads/check-0.15.2/build/CMakeFiles/CheckTypeSize/__INT64.c:27:22: note: expanded from macro 'SIZE'
#define SIZE (sizeof(__int64))
                     ^
/home/jbrousse/Downloads/check-0.15.2/build/CMakeFiles/CheckTypeSize/__INT64.c:31:12: error: use of undeclared identifier '__int64'
  ('0' + ((SIZE / 100)%10)),
           ^
/home/jbrousse/Downloads/check-0.15.2/build/CMakeFiles/CheckTypeSize/__INT64.c:27:22: note: expanded from macro 'SIZE'
#define SIZE (sizeof(__int64))
                     ^
/home/jbrousse/Downloads/check-0.15.2/build/CMakeFiles/CheckTypeSize/__INT64.c:32:12: error: use of undeclared identifier '__int64'
  ('0' + ((SIZE / 10)%10)),
           ^
/home/jbrousse/Downloads/check-0.15.2/build/CMakeFiles/CheckTypeSize/__INT64.c:27:22: note: expanded from macro 'SIZE'
#define SIZE (sizeof(__int64))
                     ^
/home/jbrousse/Downloads/check-0.15.2/build/CMakeFiles/CheckTypeSize/__INT64.c:33:12: error: use of undeclared identifier '__int64'
  ('0' +  (SIZE    % 10)),
           ^
/home/jbrousse/Downloads/check-0.15.2/build/CMakeFiles/CheckTypeSize/__INT64.c:27:22: note: expanded from macro 'SIZE'
#define SIZE (sizeof(__int64))
                     ^
5 errors generated.
gmake[1]: *** [CMakeFiles/cmTC_2fa25.dir/build.make:79: CMakeFiles/cmTC_2fa25.dir/__INT64.c.o] Error 1
gmake[1]: Leaving directory '/home/jbrousse/Downloads/check-0.15.2/build/CMakeFiles/CMakeTmp'
gmake: *** [Makefile:127: cmTC_2fa25/fast] Error 2


/home/jbrousse/Downloads/check-0.15.2/build/CMakeFiles/CheckTypeSize/__INT64.c:
#include <sys/types.h>
#include <stdint.h>
#include <stddef.h>


#undef KEY
#if defined(__i386)
# define KEY '_','_','i','3','8','6'
#elif defined(__x86_64)
# define KEY '_','_','x','8','6','_','6','4'
#elif defined(__PPC64__)
# define KEY '_','_','P','P','C','6','4','_','_'
#elif defined(__ppc64__)
# define KEY '_','_','p','p','c','6','4','_','_'
#elif defined(__PPC__)
# define KEY '_','_','P','P','C','_','_'
#elif defined(__ppc__)
# define KEY '_','_','p','p','c','_','_'
#elif defined(__aarch64__)
# define KEY '_','_','a','a','r','c','h','6','4','_','_'
#elif defined(__ARM_ARCH_7A__)
# define KEY '_','_','A','R','M','_','A','R','C','H','_','7','A','_','_'
#elif defined(__ARM_ARCH_7S__)
# define KEY '_','_','A','R','M','_','A','R','C','H','_','7','S','_','_'
#endif

#define SIZE (sizeof(__int64))
static char info_size[] =  {'I', 'N', 'F', 'O', ':', 's','i','z','e','[',
  ('0' + ((SIZE / 10000)%10)),
  ('0' + ((SIZE / 1000)%10)),
  ('0' + ((SIZE / 100)%10)),
  ('0' + ((SIZE / 10)%10)),
  ('0' +  (SIZE    % 10)),
  ']',
#ifdef KEY
  ' ','k','e','y','[', KEY, ']',
#endif
  '\0'};

#ifdef __CLASSIC_C__
int main(argc, argv) int argc; char *argv[];
#else
int main(int argc, char *argv[])
#endif
{
  int require = 0;
  require += info_size[argc];
  (void)argv;
  return require;
}


Determining size of unsigned __int64 failed with the following output:
Change Dir: /home/jbrousse/Downloads/check-0.15.2/build/CMakeFiles/CMakeTmp

Run Build Command(s):/usr/bin/gmake -f Makefile cmTC_04cfa/fast && /usr/bin/gmake  -f CMakeFiles/cmTC_04cfa.dir/build.make CMakeFiles/cmTC_04cfa.dir/build
gmake[1]: Entering directory '/home/jbrousse/Downloads/check-0.15.2/build/CMakeFiles/CMakeTmp'
Building C object CMakeFiles/cmTC_04cfa.dir/UNSIGNED___INT64.c.o
/usr/bin/cc   -std=gnu99 -MD -MT CMakeFiles/cmTC_04cfa.dir/UNSIGNED___INT64.c.o -MF CMakeFiles/cmTC_04cfa.dir/UNSIGNED___INT64.c.o.d -o CMakeFiles/cmTC_04cfa.dir/UNSIGNED___INT64.c.o -c /home/jbrousse/Downloads/check-0.15.2/build/CMakeFiles/CheckTypeSize/UNSIGNED___INT64.c
/home/jbrousse/Downloads/check-0.15.2/build/CMakeFiles/CheckTypeSize/UNSIGNED___INT64.c:29:12: error: expected ')'
  ('0' + ((SIZE / 10000)%10)),
           ^
/home/jbrousse/Downloads/check-0.15.2/build/CMakeFiles/CheckTypeSize/UNSIGNED___INT64.c:27:31: note: expanded from macro 'SIZE'
#define SIZE (sizeof(unsigned __int64))
                              ^
/home/jbrousse/Downloads/check-0.15.2/build/CMakeFiles/CheckTypeSize/UNSIGNED___INT64.c:29:12: note: to match this '('
/home/jbrousse/Downloads/check-0.15.2/build/CMakeFiles/CheckTypeSize/UNSIGNED___INT64.c:27:21: note: expanded from macro 'SIZE'
#define SIZE (sizeof(unsigned __int64))
                    ^
/home/jbrousse/Downloads/check-0.15.2/build/CMakeFiles/CheckTypeSize/UNSIGNED___INT64.c:30:12: error: expected ')'
  ('0' + ((SIZE / 1000)%10)),
           ^
/home/jbrousse/Downloads/check-0.15.2/build/CMakeFiles/CheckTypeSize/UNSIGNED___INT64.c:27:31: note: expanded from macro 'SIZE'
#define SIZE (sizeof(unsigned __int64))
                              ^
/home/jbrousse/Downloads/check-0.15.2/build/CMakeFiles/CheckTypeSize/UNSIGNED___INT64.c:30:12: note: to match this '('
/home/jbrousse/Downloads/check-0.15.2/build/CMakeFiles/CheckTypeSize/UNSIGNED___INT64.c:27:21: note: expanded from macro 'SIZE'
#define SIZE (sizeof(unsigned __int64))
                    ^
/home/jbrousse/Downloads/check-0.15.2/build/CMakeFiles/CheckTypeSize/UNSIGNED___INT64.c:31:12: error: expected ')'
  ('0' + ((SIZE / 100)%10)),
           ^
/home/jbrousse/Downloads/check-0.15.2/build/CMakeFiles/CheckTypeSize/UNSIGNED___INT64.c:27:31: note: expanded from macro 'SIZE'
#define SIZE (sizeof(unsigned __int64))
                              ^
/home/jbrousse/Downloads/check-0.15.2/build/CMakeFiles/CheckTypeSize/UNSIGNED___INT64.c:31:12: note: to match this '('
/home/jbrousse/Downloads/check-0.15.2/build/CMakeFiles/CheckTypeSize/UNSIGNED___INT64.c:27:21: note: expanded from macro 'SIZE'
#define SIZE (sizeof(unsigned __int64))
                    ^
/home/jbrousse/Downloads/check-0.15.2/build/CMakeFiles/CheckTypeSize/UNSIGNED___INT64.c:32:12: error: expected ')'
  ('0' + ((SIZE / 10)%10)),
           ^
/home/jbrousse/Downloads/check-0.15.2/build/CMakeFiles/CheckTypeSize/UNSIGNED___INT64.c:27:31: note: expanded from macro 'SIZE'
#define SIZE (sizeof(unsigned __int64))
                              ^
/home/jbrousse/Downloads/check-0.15.2/build/CMakeFiles/CheckTypeSize/UNSIGNED___INT64.c:32:12: note: to match this '('
/home/jbrousse/Downloads/check-0.15.2/build/CMakeFiles/CheckTypeSize/UNSIGNED___INT64.c:27:21: note: expanded from macro 'SIZE'
#define SIZE (sizeof(unsigned __int64))
                    ^
/home/jbrousse/Downloads/check-0.15.2/build/CMakeFiles/CheckTypeSize/UNSIGNED___INT64.c:33:12: error: expected ')'
  ('0' +  (SIZE    % 10)),
           ^
/home/jbrousse/Downloads/check-0.15.2/build/CMakeFiles/CheckTypeSize/UNSIGNED___INT64.c:27:31: note: expanded from macro 'SIZE'
#define SIZE (sizeof(unsigned __int64))
                              ^
/home/jbrousse/Downloads/check-0.15.2/build/CMakeFiles/CheckTypeSize/UNSIGNED___INT64.c:33:12: note: to match this '('
/home/jbrousse/Downloads/check-0.15.2/build/CMakeFiles/CheckTypeSize/UNSIGNED___INT64.c:27:21: note: expanded from macro 'SIZE'
#define SIZE (sizeof(unsigned __int64))
                    ^
5 errors generated.
gmake[1]: *** [CMakeFiles/cmTC_04cfa.dir/build.make:79: CMakeFiles/cmTC_04cfa.dir/UNSIGNED___INT64.c.o] Error 1
gmake[1]: Leaving directory '/home/jbrousse/Downloads/check-0.15.2/build/CMakeFiles/CMakeTmp'
gmake: *** [Makefile:127: cmTC_04cfa/fast] Error 2


/home/jbrousse/Downloads/check-0.15.2/build/CMakeFiles/CheckTypeSize/UNSIGNED___INT64.c:
#include <sys/types.h>
#include <stdint.h>
#include <stddef.h>


#undef KEY
#if defined(__i386)
# define KEY '_','_','i','3','8','6'
#elif defined(__x86_64)
# define KEY '_','_','x','8','6','_','6','4'
#elif defined(__PPC64__)
# define KEY '_','_','P','P','C','6','4','_','_'
#elif defined(__ppc64__)
# define KEY '_','_','p','p','c','6','4','_','_'
#elif defined(__PPC__)
# define KEY '_','_','P','P','C','_','_'
#elif defined(__ppc__)
# define KEY '_','_','p','p','c','_','_'
#elif defined(__aarch64__)
# define KEY '_','_','a','a','r','c','h','6','4','_','_'
#elif defined(__ARM_ARCH_7A__)
# define KEY '_','_','A','R','M','_','A','R','C','H','_','7','A','_','_'
#elif defined(__ARM_ARCH_7S__)
# define KEY '_','_','A','R','M','_','A','R','C','H','_','7','S','_','_'
#endif

#define SIZE (sizeof(unsigned __int64))
static char info_size[] =  {'I', 'N', 'F', 'O', ':', 's','i','z','e','[',
  ('0' + ((SIZE / 10000)%10)),
  ('0' + ((SIZE / 1000)%10)),
  ('0' + ((SIZE / 100)%10)),
  ('0' + ((SIZE / 10)%10)),
  ('0' +  (SIZE    % 10)),
  ']',
#ifdef KEY
  ' ','k','e','y','[', KEY, ']',
#endif
  '\0'};

#ifdef __CLASSIC_C__
int main(argc, argv) int argc; char *argv[];
#else
int main(int argc, char *argv[])
#endif
{
  int require = 0;
  require += info_size[argc];
  (void)argv;
  return require;
}


Determining if the function subunit_test_start exists in the subunit failed with the following output:
Change Dir: /home/jbrousse/Downloads/check-0.15.2/build/CMakeFiles/CMakeTmp

Run Build Command(s):/usr/bin/gmake -f Makefile cmTC_0fa4d/fast && /usr/bin/gmake  -f CMakeFiles/cmTC_0fa4d.dir/build.make CMakeFiles/cmTC_0fa4d.dir/build
gmake[1]: Entering directory '/home/jbrousse/Downloads/check-0.15.2/build/CMakeFiles/CMakeTmp'
Building C object CMakeFiles/cmTC_0fa4d.dir/CheckFunctionExists.c.o
/usr/bin/cc   -DCHECK_FUNCTION_EXISTS=subunit_test_start -std=gnu99 -MD -MT CMakeFiles/cmTC_0fa4d.dir/CheckFunctionExists.c.o -MF CMakeFiles/cmTC_0fa4d.dir/CheckFunctionExists.c.o.d -o CMakeFiles/cmTC_0fa4d.dir/CheckFunctionExists.c.o -c /usr/share/cmake-3.22/Modules/CheckFunctionExists.c
Linking C executable cmTC_0fa4d
/usr/bin/cmake -E cmake_link_script CMakeFiles/cmTC_0fa4d.dir/link.txt --verbose=1
/usr/bin/cc  -DCHECK_FUNCTION_EXISTS=subunit_test_start CMakeFiles/cmTC_0fa4d.dir/CheckFunctionExists.c.o -o cmTC_0fa4d  -lsubunit 
/usr/bin/ld: cannot find -lsubunit: No such file or directory
clang: error: linker command failed with exit code 1 (use -v to see invocation)
gmake[1]: *** [CMakeFiles/cmTC_0fa4d.dir/build.make:100: cmTC_0fa4d] Error 1
gmake[1]: Leaving directory '/home/jbrousse/Downloads/check-0.15.2/build/CMakeFiles/CMakeTmp'
gmake: *** [Makefile:127: cmTC_0fa4d/fast] Error 2



